> Compilation failed; see the compiler error output for details.



C:\Users\Антон\Downloads\Java-course\java_courses\addressbookWebTests>gradlew te
stContacts

FAILURE: Build failed with an exception.

* Where:
Build file 'C:\Users\└эЄюэ\Downloads\Java-course\java_courses\addressbookWebTest
s\build.gradle' line: 19

* What went wrong:
Could not compile build file 'C:\Users\└эЄюэ\Downloads\Java-course\java_courses\
addressbookWebTests\build.gradle'.
> startup failed:
  build file 'C:\Users\└эЄюэ\Downloads\Java-course\java_courses\addressbookWebTe
sts\build.gradle': 19: Ambiguous expression could be a parameterless closure exp
ression, an isolated open code block, or it may continue a previous statement;
   solution: Add an explicit parameter list, e.g. {it -> ...}, or force it to be
 treated as an open block by giving it a label, e.g. L:{...}, and also either re
move the previous newline, or add an explicit semicolon ';' @ line 19, column 9.

             {
             ^

  1 error


* Try:
Run with --stacktrace option to get the stack trace. Run with --info or --debug
option to get more log output.

BUILD FAILED

Total time: 3.854 secs

C:\Users\Антон\Downloads\Java-course\java_courses\addressbookWebTests>^A^A^A