# JRE version: Java(TM) SE Runtime Environment (8.0_101-b13) (build 1.8.0_101-b13)
# Java VM: Java HotSpot(TM) Client VM (25.101-b13 mixed mode windows-x86 )
Heap:
 def new generation   total 4928K, used 1301K [0x03e00000, 0x04350000, 0x09350000)
  eden space 4416K,  22% used [0x03e00000, 0x03ef9eb0, 0x04250000)
  from space 512K,  58% used [0x042d0000, 0x0431b628, 0x04350000)
  to   space 512K,   0% used [0x04250000, 0x04250000, 0x042d0000)
 tenured generation   total 10944K, used 4576K [0x09350000, 0x09e00000, 0x13e00000)
   the space 10944K,  41% used [0x09350000, 0x097c8178, 0x097c8200, 0x09e00000)
 Metaspace       used 9330K, capacity 9499K, committed 9600K, reserved 9600K
GC Heap History (10 events):
Event: 3.450 GC heap before
{Heap before GC invocations=10 (full 0):
 def new generation   total 4928K, used 4831K [0x03e00000, 0x04350000, 0x09350000)
  eden space 4416K,  99% used [0x03e00000, 0x0424d2e0, 0x04250000)
  from space 512K,  83% used [0x04250000, 0x042bace8, 0x042d0000)
  to   space 512K,   0% used [0x042d0000, 0x042d0000, 0x04350000)
 tenured generation   total 10944K, used 4154K [0x09350000, 0x09e00000, 0x13e00000)
   the space 10944K,  37% used [0x09350000, 0x0975e928, 0x0975ea00, 0x09e00000)
 Metaspace       used 8007K, capacity 8155K, committed 8192K, reserved 8576K
Event: 3.455 GC heap after
Heap after GC invocations=11 (full 0):
 def new generation   total 4928K, used 508K [0x03e00000, 0x04350000, 0x09350000)
  eden space 4416K,   0% used [0x03e00000, 0x03e00000, 0x04250000)
  from space 512K,  99% used [0x042d0000, 0x0434f270, 0x04350000)
  to   space 512K,   0% used [0x04250000, 0x04250000, 0x042d0000)
 tenured generation   total 10944K, used 4260K [0x09350000, 0x09e00000, 0x13e00000)
   the space 10944K,  38% used [0x09350000, 0x09779358, 0x09779400, 0x09e00000)
 Metaspace       used 8007K, capacity 8155K, committed 8192K, reserved 8576K
}
Event: 3.574 GC heap before
{Heap before GC invocations=11 (full 0):
 def new generation   total 4928K, used 4924K [0x03e00000, 0x04350000, 0x09350000)
  eden space 4416K, 100% used [0x03e00000, 0x04250000, 0x04250000)
  from space 512K,  99% used [0x042d0000, 0x0434f270, 0x04350000)
  to   space 512K,   0% used [0x04250000, 0x04250000, 0x042d0000)
 tenured generation   total 10944K, used 4260K [0x09350000, 0x09e00000, 0x13e00000)
   the space 10944K,  38% used [0x09350000, 0x09779358, 0x09779400, 0x09e00000)
 Metaspace       used 8373K, capacity 8539K, committed 8576K, reserved 8576K
Event: 3.577 GC heap after
Heap after GC invocations=12 (full 0):
 def new generation   total 4928K, used 435K [0x03e00000, 0x04350000, 0x09350000)
  eden space 4416K,   0% used [0x03e00000, 0x03e00000, 0x04250000)
  from space 512K,  85% used [0x04250000, 0x042bcd80, 0x042d0000)
  to   space 512K,   0% used [0x042d0000, 0x042d0000, 0x04350000)
 tenured generation   total 10944K, used 4412K [0x09350000, 0x09e00000, 0x13e00000)
   the space 10944K,  40% used [0x09350000, 0x0979f138, 0x0979f200, 0x09e00000)
 Metaspace       used 8373K, capacity 8539K, committed 8576K, reserved 8576K
}
Event: 3.689 GC heap before
{Heap before GC invocations=12 (full 0):
 def new generation   total 4928K, used 4851K [0x03e00000, 0x04350000, 0x09350000)
  eden space 4416K, 100% used [0x03e00000, 0x04250000, 0x04250000)
  from space 512K,  85% used [0x04250000, 0x042bcd80, 0x042d0000)
  to   space 512K,   0% used [0x042d0000, 0x042d0000, 0x04350000)
 tenured generation   total 10944K, used 4412K [0x09350000, 0x09e00000, 0x13e00000)
   the space 10944K,  40% used [0x09350000, 0x0979f138, 0x0979f200, 0x09e00000)
 Metaspace       used 8657K, capacity 8795K, committed 8832K, reserved 9600K
Event: 3.691 GC heap after
Heap after GC invocations=13 (full 0):
 def new generation   total 4928K, used 400K [0x03e00000, 0x04350000, 0x09350000)
  eden space 4416K,   0% used [0x03e00000, 0x03e00000, 0x04250000)
  from space 512K,  78% used [0x042d0000, 0x04334350, 0x04350000)
  to   space 512K,   0% used [0x04250000, 0x04250000, 0x042d0000)
 tenured generation   total 10944K, used 4461K [0x09350000, 0x09e00000, 0x13e00000)
   the space 10944K,  40% used [0x09350000, 0x097ab598, 0x097ab600, 0x09e00000)
 Metaspace       used 8657K, capacity 8795K, committed 8832K, reserved 9600K
}
Event: 7.532 GC heap before
{Heap before GC invocations=13 (full 0):
 def new generation   total 4928K, used 4816K [0x03e00000, 0x04350000, 0x09350000)
  eden space 4416K, 100% used [0x03e00000, 0x04250000, 0x04250000)
  from space 512K,  78% used [0x042d0000, 0x04334350, 0x04350000)
  to   space 512K,   0% used [0x04250000, 0x04250000, 0x042d0000)
 tenured generation   total 10944K, used 4461K [0x09350000, 0x09e00000, 0x13e00000)
   the space 10944K,  40% used [0x09350000, 0x097ab598, 0x097ab600, 0x09e00000)
 Metaspace       used 8959K, capacity 9115K, committed 9216K, reserved 9600K
Event: 7.534 GC heap after
Heap after GC invocations=14 (full 0):
 def new generation   total 4928K, used 411K [0x03e00000, 0x04350000, 0x09350000)
  eden space 4416K,   0% used [0x03e00000, 0x03e00000, 0x04250000)
  from space 512K,  80% used [0x04250000, 0x042b6f00, 0x042d0000)
  to   space 512K,   0% used [0x042d0000, 0x042d0000, 0x04350000)
 tenured generation   total 10944K, used 4508K [0x09350000, 0x09e00000, 0x13e00000)
   the space 10944K,  41% used [0x09350000, 0x097b7198, 0x097b7200, 0x09e00000)
 Metaspace       used 8959K, capacity 9115K, committed 9216K, reserved 9600K
}
Event: 61.759 GC heap before
{Heap before GC invocations=14 (full 0):
 def new generation   total 4928K, used 4815K [0x03e00000, 0x04350000, 0x09350000)
  eden space 4416K,  99% used [0x03e00000, 0x0424ce98, 0x04250000)
  from space 512K,  80% used [0x04250000, 0x042b6f00, 0x042d0000)
  to   space 512K,   0% used [0x042d0000, 0x042d0000, 0x04350000)
 tenured generation   total 10944K, used 4508K [0x09350000, 0x09e00000, 0x13e00000)
   the space 10944K,  41% used [0x09350000, 0x097b7198, 0x097b7200, 0x09e00000)
 Metaspace       used 9171K, capacity 9339K, committed 9344K, reserved 9600K
Event: 61.764 GC heap after
Heap after GC invocations=15 (full 0):
 def new generation   total 4928K, used 301K [0x03e00000, 0x04350000, 0x09350000)
  eden space 4416K,   0% used [0x03e00000, 0x03e00000, 0x04250000)
  from space 512K,  58% used [0x042d0000, 0x0431b628, 0x04350000)
  to   space 512K,   0% used [0x04250000, 0x04250000, 0x042d0000)
 tenured generation   total 10944K, used 4576K [0x09350000, 0x09e00000, 0x13e00000)
   the space 10944K,  41% used [0x09350000, 0x097c8178, 0x097c8200, 0x09e00000)
 Metaspace       used 9171K, capacity 9339K, committed 9344K, reserved 9600K
}

