# JRE version: Java(TM) SE Runtime Environment (8.0_101-b13) (build 1.8.0_101-b13)
# Java VM: Java HotSpot(TM) Client VM (25.101-b13 mixed mode windows-x86 )
Heap:
 def new generation   total 4928K, used 992K [0x03e00000, 0x04350000, 0x09350000)
  eden space 4416K,  19% used [0x03e00000, 0x03ed4058, 0x04250000)
  from space 512K,  28% used [0x04250000, 0x04274370, 0x042d0000)
  to   space 512K,   0% used [0x042d0000, 0x042d0000, 0x04350000)
 tenured generation   total 10944K, used 4542K [0x09350000, 0x09e00000, 0x13e00000)
   the space 10944K,  41% used [0x09350000, 0x097bfa80, 0x097bfc00, 0x09e00000)
 Metaspace       used 9221K, capacity 9373K, committed 9472K, reserved 9600K
GC Heap History (10 events):
Event: 5.321 GC heap before
{Heap before GC invocations=11 (full 0):
 def new generation   total 4928K, used 4927K [0x03e00000, 0x04350000, 0x09350000)
  eden space 4416K, 100% used [0x03e00000, 0x04250000, 0x04250000)
  from space 512K,  99% used [0x042d0000, 0x0434fec0, 0x04350000)
  to   space 512K,   0% used [0x04250000, 0x04250000, 0x042d0000)
 tenured generation   total 10944K, used 4158K [0x09350000, 0x09e00000, 0x13e00000)
   the space 10944K,  38% used [0x09350000, 0x0975fb48, 0x0975fc00, 0x09e00000)
 Metaspace       used 8267K, capacity 8413K, committed 8448K, reserved 8576K
Event: 5.326 GC heap after
Heap after GC invocations=12 (full 0):
 def new generation   total 4928K, used 431K [0x03e00000, 0x04350000, 0x09350000)
  eden space 4416K,   0% used [0x03e00000, 0x03e00000, 0x04250000)
  from space 512K,  84% used [0x04250000, 0x042bbe48, 0x042d0000)
  to   space 512K,   0% used [0x042d0000, 0x042d0000, 0x04350000)
 tenured generation   total 10944K, used 4339K [0x09350000, 0x09e00000, 0x13e00000)
   the space 10944K,  39% used [0x09350000, 0x0978cc38, 0x0978ce00, 0x09e00000)
 Metaspace       used 8267K, capacity 8413K, committed 8448K, reserved 8576K
}
Event: 5.698 GC heap before
{Heap before GC invocations=12 (full 0):
 def new generation   total 4928K, used 4847K [0x03e00000, 0x04350000, 0x09350000)
  eden space 4416K, 100% used [0x03e00000, 0x04250000, 0x04250000)
  from space 512K,  84% used [0x04250000, 0x042bbe48, 0x042d0000)
  to   space 512K,   0% used [0x042d0000, 0x042d0000, 0x04350000)
 tenured generation   total 10944K, used 4339K [0x09350000, 0x09e00000, 0x13e00000)
   the space 10944K,  39% used [0x09350000, 0x0978cc38, 0x0978ce00, 0x09e00000)
 Metaspace       used 8574K, capacity 8733K, committed 8832K, reserved 9600K
Event: 5.701 GC heap after
Heap after GC invocations=13 (full 0):
 def new generation   total 4928K, used 443K [0x03e00000, 0x04350000, 0x09350000)
  eden space 4416K,   0% used [0x03e00000, 0x03e00000, 0x04250000)
  from space 512K,  86% used [0x042d0000, 0x0433edb8, 0x04350000)
  to   space 512K,   0% used [0x04250000, 0x04250000, 0x042d0000)
 tenured generation   total 10944K, used 4387K [0x09350000, 0x09e00000, 0x13e00000)
   the space 10944K,  40% used [0x09350000, 0x09798c70, 0x09798e00, 0x09e00000)
 Metaspace       used 8574K, capacity 8733K, committed 8832K, reserved 9600K
}
Event: 5.907 GC heap before
{Heap before GC invocations=13 (full 0):
 def new generation   total 4928K, used 4859K [0x03e00000, 0x04350000, 0x09350000)
  eden space 4416K, 100% used [0x03e00000, 0x04250000, 0x04250000)
  from space 512K,  86% used [0x042d0000, 0x0433edb8, 0x04350000)
  to   space 512K,   0% used [0x04250000, 0x04250000, 0x042d0000)
 tenured generation   total 10944K, used 4387K [0x09350000, 0x09e00000, 0x13e00000)
   the space 10944K,  40% used [0x09350000, 0x09798c70, 0x09798e00, 0x09e00000)
 Metaspace       used 8854K, capacity 9021K, committed 9088K, reserved 9600K
Event: 5.911 GC heap after
Heap after GC invocations=14 (full 0):
 def new generation   total 4928K, used 379K [0x03e00000, 0x04350000, 0x09350000)
  eden space 4416K,   0% used [0x03e00000, 0x03e00000, 0x04250000)
  from space 512K,  74% used [0x04250000, 0x042aefd0, 0x042d0000)
  to   space 512K,   0% used [0x042d0000, 0x042d0000, 0x04350000)
 tenured generation   total 10944K, used 4432K [0x09350000, 0x09e00000, 0x13e00000)
   the space 10944K,  40% used [0x09350000, 0x097a4140, 0x097a4200, 0x09e00000)
 Metaspace       used 8854K, capacity 9021K, committed 9088K, reserved 9600K
}
Event: 18.597 GC heap before
{Heap before GC invocations=14 (full 0):
 def new generation   total 4928K, used 4792K [0x03e00000, 0x04350000, 0x09350000)
  eden space 4416K,  99% used [0x03e00000, 0x0424f268, 0x04250000)
  from space 512K,  74% used [0x04250000, 0x042aefd0, 0x042d0000)
  to   space 512K,   0% used [0x042d0000, 0x042d0000, 0x04350000)
 tenured generation   total 10944K, used 4432K [0x09350000, 0x09e00000, 0x13e00000)
   the space 10944K,  40% used [0x09350000, 0x097a4140, 0x097a4200, 0x09e00000)
 Metaspace       used 9106K, capacity 9277K, committed 9344K, reserved 9600K
Event: 18.600 GC heap after
Heap after GC invocations=15 (full 0):
 def new generation   total 4928K, used 309K [0x03e00000, 0x04350000, 0x09350000)
  eden space 4416K,   0% used [0x03e00000, 0x03e00000, 0x04250000)
  from space 512K,  60% used [0x042d0000, 0x0431d5f0, 0x04350000)
  to   space 512K,   0% used [0x04250000, 0x04250000, 0x042d0000)
 tenured generation   total 10944K, used 4503K [0x09350000, 0x09e00000, 0x13e00000)
   the space 10944K,  41% used [0x09350000, 0x097b5d30, 0x097b5e00, 0x09e00000)
 Metaspace       used 9106K, capacity 9277K, committed 9344K, reserved 9600K
}
Event: 27.412 GC heap before
{Heap before GC invocations=15 (full 0):
 def new generation   total 4928K, used 4725K [0x03e00000, 0x04350000, 0x09350000)
  eden space 4416K, 100% used [0x03e00000, 0x04250000, 0x04250000)
  from space 512K,  60% used [0x042d0000, 0x0431d5f0, 0x04350000)
  to   space 512K,   0% used [0x04250000, 0x04250000, 0x042d0000)
 tenured generation   total 10944K, used 4503K [0x09350000, 0x09e00000, 0x13e00000)
   the space 10944K,  41% used [0x09350000, 0x097b5d30, 0x097b5e00, 0x09e00000)
 Metaspace       used 9207K, capacity 9373K, committed 9472K, reserved 9600K
Event: 27.416 GC heap after
Heap after GC invocations=16 (full 0):
 def new generation   total 4928K, used 144K [0x03e00000, 0x04350000, 0x09350000)
  eden space 4416K,   0% used [0x03e00000, 0x03e00000, 0x04250000)
  from space 512K,  28% used [0x04250000, 0x04274370, 0x042d0000)
  to   space 512K,   0% used [0x042d0000, 0x042d0000, 0x04350000)
 tenured generation   total 10944K, used 4542K [0x09350000, 0x09e00000, 0x13e00000)
   the space 10944K,  41% used [0x09350000, 0x097bfa80, 0x097bfc00, 0x09e00000)
 Metaspace       used 9207K, capacity 9373K, committed 9472K, reserved 9600K
}

