# JRE version: Java(TM) SE Runtime Environment (8.0_101-b13) (build 1.8.0_101-b13)
# Java VM: Java HotSpot(TM) Client VM (25.101-b13 mixed mode windows-x86 )
Heap:
 def new generation   total 4928K, used 1085K [0x03e00000, 0x04350000, 0x09350000)
  eden space 4416K,  18% used [0x03e00000, 0x03eca1d8, 0x04250000)
  from space 512K,  54% used [0x042d0000, 0x04315328, 0x04350000)
  to   space 512K,   0% used [0x04250000, 0x04250000, 0x042d0000)
 tenured generation   total 10944K, used 4543K [0x09350000, 0x09e00000, 0x13e00000)
   the space 10944K,  41% used [0x09350000, 0x097bfec8, 0x097c0000, 0x09e00000)
 Metaspace       used 9296K, capacity 9467K, committed 9472K, reserved 9600K
GC Heap History (10 events):
Event: 3.385 GC heap before
{Heap before GC invocations=10 (full 0):
 def new generation   total 4928K, used 4843K [0x03e00000, 0x04350000, 0x09350000)
  eden space 4416K, 100% used [0x03e00000, 0x04250000, 0x04250000)
  from space 512K,  83% used [0x04250000, 0x042bac60, 0x042d0000)
  to   space 512K,   0% used [0x042d0000, 0x042d0000, 0x04350000)
 tenured generation   total 10944K, used 4147K [0x09350000, 0x09e00000, 0x13e00000)
   the space 10944K,  37% used [0x09350000, 0x0975ce30, 0x0975d000, 0x09e00000)
 Metaspace       used 8019K, capacity 8187K, committed 8192K, reserved 8576K
Event: 3.390 GC heap after
Heap after GC invocations=11 (full 0):
 def new generation   total 4928K, used 494K [0x03e00000, 0x04350000, 0x09350000)
  eden space 4416K,   0% used [0x03e00000, 0x03e00000, 0x04250000)
  from space 512K,  96% used [0x042d0000, 0x0434b968, 0x04350000)
  to   space 512K,   0% used [0x04250000, 0x04250000, 0x042d0000)
 tenured generation   total 10944K, used 4249K [0x09350000, 0x09e00000, 0x13e00000)
   the space 10944K,  38% used [0x09350000, 0x09776648, 0x09776800, 0x09e00000)
 Metaspace       used 8019K, capacity 8187K, committed 8192K, reserved 8576K
}
Event: 3.509 GC heap before
{Heap before GC invocations=11 (full 0):
 def new generation   total 4928K, used 4910K [0x03e00000, 0x04350000, 0x09350000)
  eden space 4416K, 100% used [0x03e00000, 0x04250000, 0x04250000)
  from space 512K,  96% used [0x042d0000, 0x0434b968, 0x04350000)
  to   space 512K,   0% used [0x04250000, 0x04250000, 0x042d0000)
 tenured generation   total 10944K, used 4249K [0x09350000, 0x09e00000, 0x13e00000)
   the space 10944K,  38% used [0x09350000, 0x09776648, 0x09776800, 0x09e00000)
 Metaspace       used 8374K, capacity 8539K, committed 8576K, reserved 8576K
Event: 3.512 GC heap after
Heap after GC invocations=12 (full 0):
 def new generation   total 4928K, used 436K [0x03e00000, 0x04350000, 0x09350000)
  eden space 4416K,   0% used [0x03e00000, 0x03e00000, 0x04250000)
  from space 512K,  85% used [0x04250000, 0x042bd3e8, 0x042d0000)
  to   space 512K,   0% used [0x042d0000, 0x042d0000, 0x04350000)
 tenured generation   total 10944K, used 4382K [0x09350000, 0x09e00000, 0x13e00000)
   the space 10944K,  40% used [0x09350000, 0x09797a08, 0x09797c00, 0x09e00000)
 Metaspace       used 8374K, capacity 8539K, committed 8576K, reserved 8576K
}
Event: 3.626 GC heap before
{Heap before GC invocations=12 (full 0):
 def new generation   total 4928K, used 4852K [0x03e00000, 0x04350000, 0x09350000)
  eden space 4416K, 100% used [0x03e00000, 0x04250000, 0x04250000)
  from space 512K,  85% used [0x04250000, 0x042bd3e8, 0x042d0000)
  to   space 512K,   0% used [0x042d0000, 0x042d0000, 0x04350000)
 tenured generation   total 10944K, used 4382K [0x09350000, 0x09e00000, 0x13e00000)
   the space 10944K,  40% used [0x09350000, 0x09797a08, 0x09797c00, 0x09e00000)
 Metaspace       used 8662K, capacity 8827K, committed 8832K, reserved 9600K
Event: 3.628 GC heap after
Heap after GC invocations=13 (full 0):
 def new generation   total 4928K, used 413K [0x03e00000, 0x04350000, 0x09350000)
  eden space 4416K,   0% used [0x03e00000, 0x03e00000, 0x04250000)
  from space 512K,  80% used [0x042d0000, 0x043375a0, 0x04350000)
  to   space 512K,   0% used [0x04250000, 0x04250000, 0x042d0000)
 tenured generation   total 10944K, used 4431K [0x09350000, 0x09e00000, 0x13e00000)
   the space 10944K,  40% used [0x09350000, 0x097a3e68, 0x097a4000, 0x09e00000)
 Metaspace       used 8662K, capacity 8827K, committed 8832K, reserved 9600K
}
Event: 6.879 GC heap before
{Heap before GC invocations=13 (full 0):
 def new generation   total 4928K, used 4829K [0x03e00000, 0x04350000, 0x09350000)
  eden space 4416K, 100% used [0x03e00000, 0x04250000, 0x04250000)
  from space 512K,  80% used [0x042d0000, 0x043375a0, 0x04350000)
  to   space 512K,   0% used [0x04250000, 0x04250000, 0x042d0000)
 tenured generation   total 10944K, used 4431K [0x09350000, 0x09e00000, 0x13e00000)
   the space 10944K,  40% used [0x09350000, 0x097a3e68, 0x097a4000, 0x09e00000)
 Metaspace       used 8962K, capacity 9115K, committed 9216K, reserved 9600K
Event: 6.882 GC heap after
Heap after GC invocations=14 (full 0):
 def new generation   total 4928K, used 401K [0x03e00000, 0x04350000, 0x09350000)
  eden space 4416K,   0% used [0x03e00000, 0x03e00000, 0x04250000)
  from space 512K,  78% used [0x04250000, 0x042b4718, 0x042d0000)
  to   space 512K,   0% used [0x042d0000, 0x042d0000, 0x04350000)
 tenured generation   total 10944K, used 4485K [0x09350000, 0x09e00000, 0x13e00000)
   the space 10944K,  40% used [0x09350000, 0x097b15c0, 0x097b1600, 0x09e00000)
 Metaspace       used 8962K, capacity 9115K, committed 9216K, reserved 9600K
}
Event: 24.065 GC heap before
{Heap before GC invocations=14 (full 0):
 def new generation   total 4928K, used 4817K [0x03e00000, 0x04350000, 0x09350000)
  eden space 4416K, 100% used [0x03e00000, 0x04250000, 0x04250000)
  from space 512K,  78% used [0x04250000, 0x042b4718, 0x042d0000)
  to   space 512K,   0% used [0x042d0000, 0x042d0000, 0x04350000)
 tenured generation   total 10944K, used 4485K [0x09350000, 0x09e00000, 0x13e00000)
   the space 10944K,  40% used [0x09350000, 0x097b15c0, 0x097b1600, 0x09e00000)
 Metaspace       used 9179K, capacity 9339K, committed 9344K, reserved 9600K
Event: 24.069 GC heap after
Heap after GC invocations=15 (full 0):
 def new generation   total 4928K, used 276K [0x03e00000, 0x04350000, 0x09350000)
  eden space 4416K,   0% used [0x03e00000, 0x03e00000, 0x04250000)
  from space 512K,  54% used [0x042d0000, 0x04315328, 0x04350000)
  to   space 512K,   0% used [0x04250000, 0x04250000, 0x042d0000)
 tenured generation   total 10944K, used 4543K [0x09350000, 0x09e00000, 0x13e00000)
   the space 10944K,  41% used [0x09350000, 0x097bfec8, 0x097c0000, 0x09e00000)
 Metaspace       used 9179K, capacity 9339K, committed 9344K, reserved 9600K
}

