# JRE version: Java(TM) SE Runtime Environment (8.0_101-b13) (build 1.8.0_101-b13)
# Java VM: Java HotSpot(TM) Client VM (25.101-b13 mixed mode windows-x86 )
Heap:
 def new generation   total 4928K, used 1792K [0x04000000, 0x04550000, 0x09550000)
  eden space 4416K,  35% used [0x04000000, 0x04186068, 0x04450000)
  from space 512K,  45% used [0x044d0000, 0x0450a1e8, 0x04550000)
  to   space 512K,   0% used [0x04450000, 0x04450000, 0x044d0000)
 tenured generation   total 10944K, used 4597K [0x09550000, 0x0a000000, 0x14000000)
   the space 10944K,  42% used [0x09550000, 0x099cd710, 0x099cd800, 0x0a000000)
 Metaspace       used 9183K, capacity 9339K, committed 9344K, reserved 9600K
GC Heap History (10 events):
Event: 3.462 GC heap before
{Heap before GC invocations=10 (full 0):
 def new generation   total 4928K, used 4797K [0x04000000, 0x04550000, 0x09550000)
  eden space 4416K, 100% used [0x04000000, 0x04450000, 0x04450000)
  from space 512K,  74% used [0x04450000, 0x044af488, 0x044d0000)
  to   space 512K,   0% used [0x044d0000, 0x044d0000, 0x04550000)
 tenured generation   total 10944K, used 4151K [0x09550000, 0x0a000000, 0x14000000)
   the space 10944K,  37% used [0x09550000, 0x0995ddf0, 0x0995de00, 0x0a000000)
 Metaspace       used 8009K, capacity 8155K, committed 8192K, reserved 8576K
Event: 3.466 GC heap after
Heap after GC invocations=11 (full 0):
 def new generation   total 4928K, used 512K [0x04000000, 0x04550000, 0x09550000)
  eden space 4416K,   0% used [0x04000000, 0x04000000, 0x04450000)
  from space 512K, 100% used [0x044d0000, 0x04550000, 0x04550000)
  to   space 512K,   0% used [0x04450000, 0x04450000, 0x044d0000)
 tenured generation   total 10944K, used 4211K [0x09550000, 0x0a000000, 0x14000000)
   the space 10944K,  38% used [0x09550000, 0x0996ce90, 0x0996d000, 0x0a000000)
 Metaspace       used 8009K, capacity 8155K, committed 8192K, reserved 8576K
}
Event: 3.614 GC heap before
{Heap before GC invocations=11 (full 0):
 def new generation   total 4928K, used 4928K [0x04000000, 0x04550000, 0x09550000)
  eden space 4416K, 100% used [0x04000000, 0x04450000, 0x04450000)
  from space 512K, 100% used [0x044d0000, 0x04550000, 0x04550000)
  to   space 512K,   0% used [0x04450000, 0x04450000, 0x044d0000)
 tenured generation   total 10944K, used 4211K [0x09550000, 0x0a000000, 0x14000000)
   the space 10944K,  38% used [0x09550000, 0x0996ce90, 0x0996d000, 0x0a000000)
 Metaspace       used 8361K, capacity 8539K, committed 8576K, reserved 8576K
Event: 3.617 GC heap after
Heap after GC invocations=12 (full 0):
 def new generation   total 4928K, used 436K [0x04000000, 0x04550000, 0x09550000)
  eden space 4416K,   0% used [0x04000000, 0x04000000, 0x04450000)
  from space 512K,  85% used [0x04450000, 0x044bd320, 0x044d0000)
  to   space 512K,   0% used [0x044d0000, 0x044d0000, 0x04550000)
 tenured generation   total 10944K, used 4400K [0x09550000, 0x0a000000, 0x14000000)
   the space 10944K,  40% used [0x09550000, 0x0999c038, 0x0999c200, 0x0a000000)
 Metaspace       used 8361K, capacity 8539K, committed 8576K, reserved 8576K
}
Event: 3.729 GC heap before
{Heap before GC invocations=12 (full 0):
 def new generation   total 4928K, used 4852K [0x04000000, 0x04550000, 0x09550000)
  eden space 4416K, 100% used [0x04000000, 0x04450000, 0x04450000)
  from space 512K,  85% used [0x04450000, 0x044bd320, 0x044d0000)
  to   space 512K,   0% used [0x044d0000, 0x044d0000, 0x04550000)
 tenured generation   total 10944K, used 4400K [0x09550000, 0x0a000000, 0x14000000)
   the space 10944K,  40% used [0x09550000, 0x0999c038, 0x0999c200, 0x0a000000)
 Metaspace       used 8665K, capacity 8827K, committed 8832K, reserved 9600K
Event: 3.732 GC heap after
Heap after GC invocations=13 (full 0):
 def new generation   total 4928K, used 441K [0x04000000, 0x04550000, 0x09550000)
  eden space 4416K,   0% used [0x04000000, 0x04000000, 0x04450000)
  from space 512K,  86% used [0x044d0000, 0x0453e7c8, 0x04550000)
  to   space 512K,   0% used [0x04450000, 0x04450000, 0x044d0000)
 tenured generation   total 10944K, used 4469K [0x09550000, 0x0a000000, 0x14000000)
   the space 10944K,  40% used [0x09550000, 0x099ad470, 0x099ad600, 0x0a000000)
 Metaspace       used 8665K, capacity 8827K, committed 8832K, reserved 9600K
}
Event: 7.297 GC heap before
{Heap before GC invocations=13 (full 0):
 def new generation   total 4928K, used 4857K [0x04000000, 0x04550000, 0x09550000)
  eden space 4416K, 100% used [0x04000000, 0x04450000, 0x04450000)
  from space 512K,  86% used [0x044d0000, 0x0453e7c8, 0x04550000)
  to   space 512K,   0% used [0x04450000, 0x04450000, 0x044d0000)
 tenured generation   total 10944K, used 4469K [0x09550000, 0x0a000000, 0x14000000)
   the space 10944K,  40% used [0x09550000, 0x099ad470, 0x099ad600, 0x0a000000)
 Metaspace       used 8962K, capacity 9115K, committed 9216K, reserved 9600K
Event: 7.301 GC heap after
Heap after GC invocations=14 (full 0):
 def new generation   total 4928K, used 402K [0x04000000, 0x04550000, 0x09550000)
  eden space 4416K,   0% used [0x04000000, 0x04000000, 0x04450000)
  from space 512K,  78% used [0x04450000, 0x044b4b80, 0x044d0000)
  to   space 512K,   0% used [0x044d0000, 0x044d0000, 0x04550000)
 tenured generation   total 10944K, used 4538K [0x09550000, 0x0a000000, 0x14000000)
   the space 10944K,  41% used [0x09550000, 0x099bea10, 0x099bec00, 0x0a000000)
 Metaspace       used 8962K, capacity 9115K, committed 9216K, reserved 9600K
}
Event: 45.782 GC heap before
{Heap before GC invocations=14 (full 0):
 def new generation   total 4928K, used 4818K [0x04000000, 0x04550000, 0x09550000)
  eden space 4416K, 100% used [0x04000000, 0x04450000, 0x04450000)
  from space 512K,  78% used [0x04450000, 0x044b4b80, 0x044d0000)
  to   space 512K,   0% used [0x044d0000, 0x044d0000, 0x04550000)
 tenured generation   total 10944K, used 4538K [0x09550000, 0x0a000000, 0x14000000)
   the space 10944K,  41% used [0x09550000, 0x099bea10, 0x099bec00, 0x0a000000)
 Metaspace       used 9123K, capacity 9275K, committed 9344K, reserved 9600K
Event: 45.785 GC heap after
Heap after GC invocations=15 (full 0):
 def new generation   total 4928K, used 232K [0x04000000, 0x04550000, 0x09550000)
  eden space 4416K,   0% used [0x04000000, 0x04000000, 0x04450000)
  from space 512K,  45% used [0x044d0000, 0x0450a1e8, 0x04550000)
  to   space 512K,   0% used [0x04450000, 0x04450000, 0x044d0000)
 tenured generation   total 10944K, used 4597K [0x09550000, 0x0a000000, 0x14000000)
   the space 10944K,  42% used [0x09550000, 0x099cd710, 0x099cd800, 0x0a000000)
 Metaspace       used 9123K, capacity 9275K, committed 9344K, reserved 9600K
}

