# JRE version: Java(TM) SE Runtime Environment (8.0_101-b13) (build 1.8.0_101-b13)
# Java VM: Java HotSpot(TM) Client VM (25.101-b13 mixed mode windows-x86 )
Heap:
 def new generation   total 4928K, used 1058K [0x03e00000, 0x04350000, 0x09350000)
  eden space 4416K,  17% used [0x03e00000, 0x03ec3c50, 0x04250000)
  from space 512K,  53% used [0x042d0000, 0x04314d50, 0x04350000)
  to   space 512K,   0% used [0x04250000, 0x04250000, 0x042d0000)
 tenured generation   total 10944K, used 4577K [0x09350000, 0x09e00000, 0x13e00000)
   the space 10944K,  41% used [0x09350000, 0x097c8488, 0x097c8600, 0x09e00000)
 Metaspace       used 9317K, capacity 9467K, committed 9472K, reserved 9600K
GC Heap History (10 events):
Event: 3.778 GC heap before
{Heap before GC invocations=10 (full 0):
 def new generation   total 4928K, used 4832K [0x03e00000, 0x04350000, 0x09350000)
  eden space 4416K,  99% used [0x03e00000, 0x0424d588, 0x04250000)
  from space 512K,  83% used [0x04250000, 0x042bace8, 0x042d0000)
  to   space 512K,   0% used [0x042d0000, 0x042d0000, 0x04350000)
 tenured generation   total 10944K, used 4155K [0x09350000, 0x09e00000, 0x13e00000)
   the space 10944K,  37% used [0x09350000, 0x0975ec48, 0x0975ee00, 0x09e00000)
 Metaspace       used 8005K, capacity 8155K, committed 8192K, reserved 8576K
Event: 3.783 GC heap after
Heap after GC invocations=11 (full 0):
 def new generation   total 4928K, used 508K [0x03e00000, 0x04350000, 0x09350000)
  eden space 4416K,   0% used [0x03e00000, 0x03e00000, 0x04250000)
  from space 512K,  99% used [0x042d0000, 0x0434f270, 0x04350000)
  to   space 512K,   0% used [0x04250000, 0x04250000, 0x042d0000)
 tenured generation   total 10944K, used 4261K [0x09350000, 0x09e00000, 0x13e00000)
   the space 10944K,  38% used [0x09350000, 0x09779678, 0x09779800, 0x09e00000)
 Metaspace       used 8005K, capacity 8155K, committed 8192K, reserved 8576K
}
Event: 3.956 GC heap before
{Heap before GC invocations=11 (full 0):
 def new generation   total 4928K, used 4924K [0x03e00000, 0x04350000, 0x09350000)
  eden space 4416K, 100% used [0x03e00000, 0x04250000, 0x04250000)
  from space 512K,  99% used [0x042d0000, 0x0434f270, 0x04350000)
  to   space 512K,   0% used [0x04250000, 0x04250000, 0x042d0000)
 tenured generation   total 10944K, used 4261K [0x09350000, 0x09e00000, 0x13e00000)
   the space 10944K,  38% used [0x09350000, 0x09779678, 0x09779800, 0x09e00000)
 Metaspace       used 8371K, capacity 8507K, committed 8576K, reserved 8576K
Event: 3.959 GC heap after
Heap after GC invocations=12 (full 0):
 def new generation   total 4928K, used 435K [0x03e00000, 0x04350000, 0x09350000)
  eden space 4416K,   0% used [0x03e00000, 0x03e00000, 0x04250000)
  from space 512K,  85% used [0x04250000, 0x042bcfa8, 0x042d0000)
  to   space 512K,   0% used [0x042d0000, 0x042d0000, 0x04350000)
 tenured generation   total 10944K, used 4413K [0x09350000, 0x09e00000, 0x13e00000)
   the space 10944K,  40% used [0x09350000, 0x0979f458, 0x0979f600, 0x09e00000)
 Metaspace       used 8371K, capacity 8507K, committed 8576K, reserved 8576K
}
Event: 4.101 GC heap before
{Heap before GC invocations=12 (full 0):
 def new generation   total 4928K, used 4851K [0x03e00000, 0x04350000, 0x09350000)
  eden space 4416K, 100% used [0x03e00000, 0x04250000, 0x04250000)
  from space 512K,  85% used [0x04250000, 0x042bcfa8, 0x042d0000)
  to   space 512K,   0% used [0x042d0000, 0x042d0000, 0x04350000)
 tenured generation   total 10944K, used 4413K [0x09350000, 0x09e00000, 0x13e00000)
   the space 10944K,  40% used [0x09350000, 0x0979f458, 0x0979f600, 0x09e00000)
 Metaspace       used 8656K, capacity 8795K, committed 8832K, reserved 9600K
Event: 4.104 GC heap after
Heap after GC invocations=13 (full 0):
 def new generation   total 4928K, used 400K [0x03e00000, 0x04350000, 0x09350000)
  eden space 4416K,   0% used [0x03e00000, 0x03e00000, 0x04250000)
  from space 512K,  78% used [0x042d0000, 0x04334348, 0x04350000)
  to   space 512K,   0% used [0x04250000, 0x04250000, 0x042d0000)
 tenured generation   total 10944K, used 4462K [0x09350000, 0x09e00000, 0x13e00000)
   the space 10944K,  40% used [0x09350000, 0x097ab8b8, 0x097aba00, 0x09e00000)
 Metaspace       used 8656K, capacity 8795K, committed 8832K, reserved 9600K
}
Event: 6.240 GC heap before
{Heap before GC invocations=13 (full 0):
 def new generation   total 4928K, used 4816K [0x03e00000, 0x04350000, 0x09350000)
  eden space 4416K, 100% used [0x03e00000, 0x04250000, 0x04250000)
  from space 512K,  78% used [0x042d0000, 0x04334348, 0x04350000)
  to   space 512K,   0% used [0x04250000, 0x04250000, 0x042d0000)
 tenured generation   total 10944K, used 4462K [0x09350000, 0x09e00000, 0x13e00000)
   the space 10944K,  40% used [0x09350000, 0x097ab8b8, 0x097aba00, 0x09e00000)
 Metaspace       used 8958K, capacity 9115K, committed 9216K, reserved 9600K
Event: 6.243 GC heap after
Heap after GC invocations=14 (full 0):
 def new generation   total 4928K, used 411K [0x03e00000, 0x04350000, 0x09350000)
  eden space 4416K,   0% used [0x03e00000, 0x03e00000, 0x04250000)
  from space 512K,  80% used [0x04250000, 0x042b6ef8, 0x042d0000)
  to   space 512K,   0% used [0x042d0000, 0x042d0000, 0x04350000)
 tenured generation   total 10944K, used 4509K [0x09350000, 0x09e00000, 0x13e00000)
   the space 10944K,  41% used [0x09350000, 0x097b74b0, 0x097b7600, 0x09e00000)
 Metaspace       used 8958K, capacity 9115K, committed 9216K, reserved 9600K
}
Event: 18.247 GC heap before
{Heap before GC invocations=14 (full 0):
 def new generation   total 4928K, used 4827K [0x03e00000, 0x04350000, 0x09350000)
  eden space 4416K, 100% used [0x03e00000, 0x04250000, 0x04250000)
  from space 512K,  80% used [0x04250000, 0x042b6ef8, 0x042d0000)
  to   space 512K,   0% used [0x042d0000, 0x042d0000, 0x04350000)
 tenured generation   total 10944K, used 4509K [0x09350000, 0x09e00000, 0x13e00000)
   the space 10944K,  41% used [0x09350000, 0x097b74b0, 0x097b7600, 0x09e00000)
 Metaspace       used 9178K, capacity 9339K, committed 9344K, reserved 9600K
Event: 18.251 GC heap after
Heap after GC invocations=15 (full 0):
 def new generation   total 4928K, used 275K [0x03e00000, 0x04350000, 0x09350000)
  eden space 4416K,   0% used [0x03e00000, 0x03e00000, 0x04250000)
  from space 512K,  53% used [0x042d0000, 0x04314d50, 0x04350000)
  to   space 512K,   0% used [0x04250000, 0x04250000, 0x042d0000)
 tenured generation   total 10944K, used 4577K [0x09350000, 0x09e00000, 0x13e00000)
   the space 10944K,  41% used [0x09350000, 0x097c8488, 0x097c8600, 0x09e00000)
 Metaspace       used 9178K, capacity 9339K, committed 9344K, reserved 9600K
}

